<?xml version="1.0" encoding="UTF-8"?>
<!-- Generated by org.testng.reporters.JUnitReportReporter -->
<testsuite skipped="0" hostname="DESKTOP-V310COA" name="PackageForMaven.ClassForMaven" tests="3" failures="0" timestamp="2020-05-02T14:39:45 IST" time="5.778" errors="0">
  <testcase name="FIRSTLAST" time="5.050" classname="PackageForMaven.ClassForMaven"/>
  <system-out/>
  <testcase name="radioButton" time="0.372" classname="PackageForMaven.ClassForMaven"/>
  <system-out/>
  <testcase name="CheckBox" time="0.356" classname="PackageForMaven.ClassForMaven"/>
  <system-out/>
</testsuite> <!-- PackageForMaven.ClassForMaven -->
