<?xml version="1.0" encoding="UTF-8"?>
<!-- Generated by org.testng.reporters.JUnitReportReporter -->
<testsuite skipped="0" hostname="DESKTOP-V310COA" name="PackageForMaven.Switch" tests="1" failures="0" timestamp="2020-05-03T14:10:49 IST" time="94.181" errors="0">
  <testcase name="SwitchFrame" time="94.181" classname="PackageForMaven.Switch"/>
  <system-out/>
</testsuite> <!-- PackageForMaven.Switch -->
