<?xml version="1.0" encoding="UTF-8"?>
<!-- Generated by org.testng.reporters.JUnitReportReporter -->
<testsuite skipped="0" hostname="DESKTOP-V310COA" name="Cookies.CookiesTest" tests="1" failures="0" timestamp="2020-05-06T22:40:28 IST" time="58.569" errors="0">
  <testcase name="File" time="58.569" classname="Cookies.CookiesTest"/>
  <system-out/>
</testsuite> <!-- Cookies.CookiesTest -->
