<?xml version="1.0" encoding="UTF-8"?>
<!-- Generated by org.testng.reporters.JUnitReportReporter -->
<testsuite skipped="0" hostname="DESKTOP-V310COA" name="sakuli.uploadFile" tests="1" failures="0" timestamp="2020-05-05T22:58:33 IST" time="63.152" errors="0">
  <testcase name="UPLOAD" time="63.152" classname="sakuli.uploadFile"/>
  <system-out/>
</testsuite> <!-- sakuli.uploadFile -->
