<?xml version="1.0" encoding="UTF-8"?>
<!-- Generated by org.testng.reporters.JUnitReportReporter -->
<testsuite skipped="0" hostname="DESKTOP-V310COA" name="JavaScriptTest.Down" tests="1" failures="0" timestamp="2020-05-07T15:12:49 IST" time="20.738" errors="0">
  <testcase name="mainClass" time="20.738" classname="JavaScriptTest.Down"/>
  <system-out/>
</testsuite> <!-- JavaScriptTest.Down -->
